<?xml version="1.0" encoding="UTF-8"?>
<!-- Generated by org.testng.reporters.JUnitReportReporter -->
<testsuite hostname="DESKTOP-2FF6TRF" failures="0" tests="1" name="com.testcases.TestLogInSuccess" time="11.416" errors="0" timestamp="2020-07-01T21:36:30 ICT" skipped="0">
  <testcase classname="com.testcases.TestLogInSuccess" name="loginSuccess" time="11.416"/>
  <system-out/>
</testsuite> <!-- com.testcases.TestLogInSuccess -->
