<?xml version="1.0" encoding="UTF-8"?>
<!-- Generated by org.testng.reporters.JUnitReportReporter -->
<testsuite hostname="DESKTOP-2FF6TRF" failures="0" tests="1" name="com.testcases.SortByDate" time="12.323" errors="0" timestamp="2020-07-01T21:44:35 ICT" skipped="0">
  <testcase classname="com.testcases.SortByDate" name="loginAsManager" time="12.323"/>
  <system-out/>
</testsuite> <!-- com.testcases.SortByDate -->
